<?xml version="1.0" encoding="UTF-8"?>
<testsuite xmlns:xsi="http://www.w3.org/2001/XMLSchema-instance" xsi:noNamespaceSchemaLocation="https://maven.apache.org/surefire/maven-surefire-plugin/xsd/surefire-test-report.xsd" name="com.fotos.photographer.master.service.PhotographerMasterApplicationTests" time="24.391" tests="3" errors="0" skipped="0" failures="0">
  <properties>
[...]
</properties>
  <testcase name="testFindRecordById" classname="com.fotos.photographer.master.service.PhotographerMasterApplicationTests" time="0.577"/>
  <testcase name="testFindAllRecords" classname="com.fotos.photographer.master.service.PhotographerMasterApplicationTests" time="0.068"/>
  <testcase name="contextLoads" classname="com.fotos.photographer.master.service.PhotographerMasterApplicationTests" time="0"/>
</testsuite>